<?xml version="1.0" encoding="UTF-8"?>
<!-- Generated by org.testng.reporters.JUnitReportReporter -->
<testsuite hostname="DESKTOP-66A8FE7" failures="0" tests="1" name="com.Actitimetestscripts.Createtest" time="0.019" errors="0" timestamp="2024-08-23T07:40:42 IST" skipped="0">
  <testcase classname="com.Actitimetestscripts.Createtest" name="createCustomerTest" time="0.019">
    <system-out>
      <![CDATA[customer created successfully]]>
    </system-out>
  </testcase> <!-- createCustomerTest -->
  <system-out>
    <![CDATA[customer created successfully]]>
  </system-out>
</testsuite> <!-- com.Actitimetestscripts.Createtest -->
